Build started 9/27/2012 10:32:34 AM.
Project "C:\Users\Taylor Reid\Documents\CSE274\Willard_HW02_Linked_List\Willard_HW02_Linked_List\vc10\Willard_HW02_Linked_List.vcxproj" on node 2 (build target(s)).
InitializeBuildStatus:
  Creating "Debug\Willard_HW02_Linked_List.unsuccessfulbuild" because "AlwaysCreate" was specified.
ClCompile:
  C:\Program Files (x86)\Microsoft Visual Studio 10.0\VC\bin\CL.exe /c /I"C:\Users\Taylor Reid\Desktop\cinder_0.8.4_vc2010\cinder_0.8.4_vc2010\include" /I"C:\Users\Taylor Reid\Desktop\cinder_0.8.4_vc2010\cinder_0.8.4_vc2010\boost" /I..\include /I..\..\..\..\..\..\..\Cinder\cinder_0.8.4_vc2010\include /I..\..\..\..\..\..\..\Cinder\cinder_0.8.4_vc2010\boost /ZI /nologo /W3 /WX- /Od /Oy- /D WIN32 /D _DEBUG /D _WINDOWS /D _UNICODE /D UNICODE /Gm /EHsc /RTC1 /MTd /GS /fp:precise /Zc:wchar_t /Zc:forScope /Fo"Debug\\" /Fd"Debug\vc100.pdb" /Gd /TP /analyze- /errorReport:prompt ..\src\Willard_HW02_Linked_ListApp.cpp
  Willard_HW02_Linked_ListApp.cpp
c:\users\taylor reid\documents\cse274\willard_hw02_linked_list\willard_hw02_linked_list\src\willard_hw02_linked_listapp.cpp(99): warning C4305: '=' : truncation from 'double' to 'float'
c:\users\taylor reid\documents\cse274\willard_hw02_linked_list\willard_hw02_linked_list\src\willard_hw02_linked_listapp.cpp(140): warning C4244: '=' : conversion from 'float' to 'uint8_t', possible loss of data
c:\users\taylor reid\documents\cse274\willard_hw02_linked_list\willard_hw02_linked_list\src\willard_hw02_linked_listapp.cpp(141): warning C4244: '=' : conversion from 'float' to 'uint8_t', possible loss of data
c:\users\taylor reid\documents\cse274\willard_hw02_linked_list\willard_hw02_linked_list\src\willard_hw02_linked_listapp.cpp(142): warning C4244: '=' : conversion from 'float' to 'uint8_t', possible loss of data
ResourceCompile:
  All outputs are up-to-date.
ManifestResourceCompile:
  All outputs are up-to-date.
Link:
  C:\Program Files (x86)\Microsoft Visual Studio 10.0\VC\bin\link.exe /ERRORREPORT:PROMPT /OUT:"C:\Users\Taylor Reid\Documents\CSE274\Willard_HW02_Linked_List\Willard_HW02_Linked_List\vc10\Debug\Willard_HW02_Linked_List.exe" /INCREMENTAL /NOLOGO /LIBPATH:"C:\Users\Taylor Reid\Desktop\cinder_0.8.4_vc2010\cinder_0.8.4_vc2010\lib" /LIBPATH:"C:\Users\Taylor Reid\Desktop\cinder_0.8.4_vc2010\cinder_0.8.4_vc2010\lib\msw" /LIBPATH:..\..\..\..\..\..\..\Cinder\cinder_0.8.4_vc2010\lib /LIBPATH:..\..\..\..\..\..\..\Cinder\cinder_0.8.4_vc2010\lib\msw cinder_d.lib kernel32.lib user32.lib gdi32.lib winspool.lib comdlg32.lib advapi32.lib shell32.lib ole32.lib oleaut32.lib uuid.lib odbc32.lib odbccp32.lib /NODEFAULTLIB:LIBCMT /MANIFEST /ManifestFile:"Debug\Willard_HW02_Linked_List.exe.intermediate.manifest" /MANIFESTUAC:"level='asInvoker' uiAccess='false'" /DEBUG /PDB:"C:\Users\Taylor Reid\Documents\CSE274\Willard_HW02_Linked_List\Willard_HW02_Linked_List\vc10\Debug\Willard_HW02_Linked_List.pdb" /SUBSYSTEM:WINDOWS /TLBID:1 /DYNAMICBASE:NO /IMPLIB:"C:\Users\Taylor Reid\Documents\CSE274\Willard_HW02_Linked_List\Willard_HW02_Linked_List\vc10\Debug\Willard_HW02_Linked_List.lib" /MACHINE:X86 Debug\Resources.res
  Debug\Willard_HW02_Linked_List.exe.embed.manifest.res
  Debug\Node.obj
  Debug\Willard_HW02_Linked_ListApp.obj
Manifest:
  C:\Program Files (x86)\Microsoft SDKs\Windows\v7.0A\bin\mt.exe /nologo /verbose /out:"Debug\Willard_HW02_Linked_List.exe.embed.manifest" /manifest Debug\Willard_HW02_Linked_List.exe.intermediate.manifest
  All outputs are up-to-date.
LinkEmbedManifest:
  All outputs are up-to-date.
  Willard_HW02_Linked_List.vcxproj -> C:\Users\Taylor Reid\Documents\CSE274\Willard_HW02_Linked_List\Willard_HW02_Linked_List\vc10\Debug\Willard_HW02_Linked_List.exe
FinalizeBuildStatus:
  Deleting file "Debug\Willard_HW02_Linked_List.unsuccessfulbuild".
  Touching "Debug\Willard_HW02_Linked_List.lastbuildstate".
Done Building Project "C:\Users\Taylor Reid\Documents\CSE274\Willard_HW02_Linked_List\Willard_HW02_Linked_List\vc10\Willard_HW02_Linked_List.vcxproj" (build target(s)).

Build succeeded.

Time Elapsed 00:00:06.48
